2023-08-09T14:55:20.965990+09:00 0 [Warning] [MY-010918] [Server] 'default_authentication_plugin' is deprecated and will be removed in a future release. Please use authentication_policy instead.
2023-08-09T14:55:20.966064+09:00 0 [System] [MY-013169] [Server] /usr/sbin/mysqld (mysqld 8.0.27) initializing of server in progress as process 43
2023-08-09T14:55:20.992599+09:00 0 [Warning] [MY-010159] [Server] Setting lower_case_table_names=2 because file system for /var/lib/mysql/ is case insensitive
2023-08-09T14:55:21.028064+09:00 1 [System] [MY-013576] [InnoDB] InnoDB initialization has started.
2023-08-09T14:55:24.182053+09:00 1 [System] [MY-013577] [InnoDB] InnoDB initialization has ended.
2023-08-09T14:55:27.737787+09:00 0 [Warning] [MY-013746] [Server] A deprecated TLS version TLSv1 is enabled for channel mysql_main
2023-08-09T14:55:27.739027+09:00 0 [Warning] [MY-013746] [Server] A deprecated TLS version TLSv1.1 is enabled for channel mysql_main
2023-08-09T14:55:27.947719+09:00 6 [Warning] [MY-010453] [Server] root@localhost is created with an empty password ! Please consider switching off the --initialize-insecure option.
2023-08-09T14:55:51.668560+09:00 0 [Warning] [MY-010918] [Server] 'default_authentication_plugin' is deprecated and will be removed in a future release. Please use authentication_policy instead.
2023-08-09T14:55:51.668591+09:00 0 [System] [MY-010116] [Server] /usr/sbin/mysqld (mysqld 8.0.27) starting as process 92
2023-08-09T14:55:51.693441+09:00 0 [Warning] [MY-010159] [Server] Setting lower_case_table_names=2 because file system for /var/lib/mysql/ is case insensitive
2023-08-09T14:55:51.762385+09:00 1 [System] [MY-013576] [InnoDB] InnoDB initialization has started.
2023-08-09T14:55:53.807429+09:00 1 [System] [MY-013577] [InnoDB] InnoDB initialization has ended.
2023-08-09T14:55:54.862987+09:00 0 [Warning] [MY-013746] [Server] A deprecated TLS version TLSv1 is enabled for channel mysql_main
2023-08-09T14:55:54.864459+09:00 0 [Warning] [MY-013746] [Server] A deprecated TLS version TLSv1.1 is enabled for channel mysql_main
2023-08-09T14:55:54.871642+09:00 0 [Warning] [MY-010068] [Server] CA certificate ca.pem is self signed.
2023-08-09T14:55:54.872737+09:00 0 [System] [MY-013602] [Server] Channel mysql_main configured to support TLS. Encrypted connections are now supported for this channel.
2023-08-09T14:55:54.882941+09:00 0 [Warning] [MY-011810] [Server] Insecure configuration for --pid-file: Location '/var/run/mysqld' in the path is accessible to all OS users. Consider choosing a different directory.
2023-08-09T14:55:54.987246+09:00 0 [System] [MY-011323] [Server] X Plugin ready for connections. Socket: /var/run/mysqld/mysqlx.sock
2023-08-09T14:55:54.987686+09:00 0 [System] [MY-010931] [Server] /usr/sbin/mysqld: ready for connections. Version: '8.0.27'  socket: '/var/run/mysqld/mysqld.sock'  port: 0  MySQL Community Server - GPL.
